<?xml version="1.0" encoding="UTF-8"?>
<!-- Generated by org.testng.reporters.JUnitReportReporter -->
<testsuite hostname="NLTI88" name="testCases.TC001_DocumentSearch" tests="1" failures="0" timestamp="3 May 2018 12:16:05 GMT" time="79.834" errors="0">
  <testcase name="DocumentSearch" time="79.834" classname="testCases.TC001_DocumentSearch"/>
</testsuite> <!-- testCases.TC001_DocumentSearch -->
